<?xml version="1.0" encoding="UTF-8"?>
<!-- Generated by org.testng.reporters.JUnitReportReporter -->
<testsuite hostname="DESKTOP-AJ6U95Q" failures="0" tests="2" name="crossBrowsers.VerifyTitle" time="177.228" errors="0" timestamp="2020-05-28T18:46:49 IST" skipped="0">
  <testcase classname="crossBrowsers.VerifyTitle" name="verifypageTitle" time="88.697"/>
  <testcase classname="crossBrowsers.VerifyTitle" name="verifypageTitle" time="88.531"/>
</testsuite> <!-- crossBrowsers.VerifyTitle -->
