<?xml version="1.0" encoding="UTF-8"?>
<!-- Generated by org.testng.reporters.JUnitReportReporter -->
<testsuite hostname="DESKTOP-AJ6U95Q" failures="0" tests="2" name="crossBrowsers.VerifyTitle" time="99.022" errors="0" timestamp="2020-05-26T11:51:37 IST" skipped="0">
  <testcase classname="crossBrowsers.VerifyTitle" name="verifypageTitle" time="52.091"/>
  <testcase classname="crossBrowsers.VerifyTitle" name="verifypageTitle" time="46.931"/>
</testsuite> <!-- crossBrowsers.VerifyTitle -->
