<?xml version="1.0" encoding="UTF-8"?>
<!-- Generated by org.testng.reporters.JUnitReportReporter -->
<testsuite hostname="DESKTOP-AJ6U95Q" failures="0" tests="2" name="crossBrowsers.VerifyTitle" time="125.400" errors="0" timestamp="2020-05-23T17:51:41 IST" skipped="0">
  <testcase classname="crossBrowsers.VerifyTitle" name="verifypageTitle" time="62.267"/>
  <testcase classname="crossBrowsers.VerifyTitle" name="verifypageTitle" time="63.133"/>
</testsuite> <!-- crossBrowsers.VerifyTitle -->
