<?xml version="1.0" encoding="UTF-8"?>
<!-- Generated by org.testng.reporters.JUnitReportReporter -->
<testsuite hostname="DESKTOP-AJ6U95Q" failures="0" tests="1" name="crossBrowsers.VerifyTitle" time="125.113" errors="0" timestamp="2020-05-21T14:17:53 IST" skipped="0">
  <testcase classname="crossBrowsers.VerifyTitle" name="verifypageTitle" time="125.113"/>
</testsuite> <!-- crossBrowsers.VerifyTitle -->
