<?xml version="1.0" encoding="UTF-8"?>
<!-- Generated by org.testng.reporters.JUnitReportReporter -->
<testsuite hostname="DESKTOP-AJ6U95Q" failures="0" tests="8" name="crossBrowsers.VerifyTitle" time="662.087" errors="0" timestamp="2020-06-12T14:37:06 IST" skipped="0">
  <testcase classname="crossBrowsers.VerifyTitle" name="verifypageTitle2" time="110.450"/>
  <system-out>
======= View added comment in second window ======  </system-out>
  <testcase classname="crossBrowsers.VerifyTitle" name="verifypageTitle3" time="118.027"/>
  <system-out>
======= Check Add comment on Specific post ====== ======= Check to open Specific post ====== ======= Check to go on new tab for delete the window ====== ======= Check to Delete specific comment ====== ======= Check to LIKE AND UNLIKE ON THE POST ======  </system-out>
  <testcase classname="crossBrowsers.VerifyTitle" name="verifypageTitle3" time="122.798"/>
  <system-out>
======= Check Add comment on Specific post ====== ======= Check to open Specific post ====== ======= Check to go on new tab for delete the window ====== ======= Check to Delete specific comment ====== ======= Check to LIKE AND UNLIKE ON THE POST ======  </system-out>
  <testcase classname="crossBrowsers.VerifyTitle" name="verifypageTitle1" time="81.985"/>
  <system-out>
======= Check on Login button ====== ======= Check Adding comment on the post ====== ======= Checked Added comment on the post ======  </system-out>
  <testcase classname="crossBrowsers.VerifyTitle" name="verifypageTitle4" time="37.268"/>
  <system-out/>
  <testcase classname="crossBrowsers.VerifyTitle" name="verifypageTitle2" time="99.701"/>
  <system-out>
======= View added comment in second window ======  </system-out>
  <testcase classname="crossBrowsers.VerifyTitle" name="verifypageTitle1" time="66.391"/>
  <system-out>
======= Check on Login button ====== ======= Check Adding comment on the post ====== ======= Checked Added comment on the post ======  </system-out>
  <testcase classname="crossBrowsers.VerifyTitle" name="verifypageTitle4" time="25.467"/>
  <system-out/>
</testsuite> <!-- crossBrowsers.VerifyTitle -->
