<?xml version="1.0" encoding="UTF-8"?>
<!-- Generated by org.testng.reporters.JUnitReportReporter -->
<testsuite hostname="DESKTOP-AJ6U95Q" failures="0" tests="2" name="crossBrowsers.VerifyTitle" time="188.975" errors="0" timestamp="2020-06-09T07:26:05 IST" skipped="0">
  <testcase classname="crossBrowsers.VerifyTitle" name="verifypageTitle" time="108.157"/>
  <system-out/>
  <testcase classname="crossBrowsers.VerifyTitle" name="verifypageTitle" time="80.818"/>
  <system-out/>
</testsuite> <!-- crossBrowsers.VerifyTitle -->
