<?xml version="1.0" encoding="UTF-8"?>
<!-- Generated by org.testng.reporters.JUnitReportReporter -->
<testsuite hostname="DESKTOP-AJ6U95Q" failures="0" tests="2" name="crossBrowsers.VerifyTitle" time="198.313" errors="0" timestamp="2020-05-28T14:59:02 IST" skipped="0">
  <testcase classname="crossBrowsers.VerifyTitle" name="verifypageTitle" time="108.501"/>
  <testcase classname="crossBrowsers.VerifyTitle" name="verifypageTitle" time="89.812"/>
</testsuite> <!-- crossBrowsers.VerifyTitle -->
