<?xml version="1.0" encoding="UTF-8"?>
<!-- Generated by org.testng.reporters.JUnitReportReporter -->
<testsuite hostname="DESKTOP-AJ6U95Q" failures="0" tests="2" name="crossBrowsers.VerifyTitle" time="146.798" errors="0" timestamp="2020-05-21T18:36:22 IST" skipped="0">
  <testcase classname="crossBrowsers.VerifyTitle" name="verifypageTitle" time="68.450"/>
  <testcase classname="crossBrowsers.VerifyTitle" name="verifypageTitle" time="78.348"/>
</testsuite> <!-- crossBrowsers.VerifyTitle -->
